<component name="libraryTable">
  <library name="junit-jupiter-api-5.6.1">
    <CLASSES>
      <root url="jar://E:/Program files/gradle-6.3/caches/modules-2/files-2.1/org.junit.jupiter/junit-jupiter-api/5.6.1/23/junit-jupiter-api-5.6.1.jar!/" />
    </CLASSES>
    <JAVADOC />
    <SOURCES />
  </library>
</component>